<?xml version='1.0' encoding='UTF-8'?>
<testsuite hostname="srv" name="menuTests" tests="6" errors="0" failures="0" skipped="1" time="0.048" timestamp="2019-07-29T14:59:39">
                     <properties>
      <property name="jline.esc.timeout" value="0"/><property name="jna.platform.library.path" value="/usr/lib/x86_64-linux-gnu:/lib/x86_64-linux-gnu:/lib64:/usr/lib:/lib:/lib/i386-linux-gnu:/usr/lib/i386-linux-gnu:/usr/local/lib:/usr/lib/i386-linux-gnu/sse2:/usr/lib/x86_64-linux-gnu/libfakeroot:/usr/lib/x86_64-linux-gnu/mesa-egl:/usr/lib/x86_64-linux-gnu/mesa:/usr/lib/i386-linux-gnu/mesa"/><property name="java.runtime.name" value="Java(TM) SE Runtime Environment"/><property name="sun.boot.library.path" value="/home/srv/jdk1.8.0_172/jre/lib/amd64"/><property name="java.vm.version" value="25.172-b11"/><property name="java.vm.vendor" value="Oracle Corporation"/><property name="java.vendor.url" value="http://java.oracle.com/"/><property name="path.separator" value=":"/><property name="jna.loaded" value="true"/><property name="java.vm.name" value="Java HotSpot(TM) 64-Bit Server VM"/><property name="file.encoding.pkg" value="sun.io"/><property name="user.country" value="US"/><property name="sun.java.launcher" value="SUN_STANDARD"/><property name="sun.os.patch.level" value="unknown"/><property name="jna.nosys" value="true"/><property name="java.vm.specification.name" value="Java Virtual Machine Specification"/><property name="user.dir" value="/home/srv/git/capg2"/><property name="java.runtime.version" value="1.8.0_172-b11"/><property name="java.awt.graphicsenv" value="sun.awt.X11GraphicsEnvironment"/><property name="java.endorsed.dirs" value="/home/srv/jdk1.8.0_172/jre/lib/endorsed"/><property name="os.arch" value="amd64"/><property name="java.io.tmpdir" value="/tmp"/><property name="line.separator" value="
"/><property name="java.vm.specification.vendor" value="Oracle Corporation"/><property name="os.name" value="Linux"/><property name="sun.jnu.encoding" value="UTF-8"/><property name="jnidispatch.path" value="/tmp/jna-114167/jna2942618462098913918.tmp"/><property name="java.library.path" value="/home/srv/jdk/jdk-10.0.1/lib:/home/srv/git/agensgraph/lib::/usr/java/packages/lib/amd64:/usr/lib64:/lib64:/lib:/usr/lib"/><property name="java.specification.name" value="Java Platform API Specification"/><property name="java.class.version" value="52.0"/><property name="sun.management.compiler" value="HotSpot 64-Bit Tiered Compilers"/><property name="os.version" value="4.4.0-53-generic"/><property name="user.home" value="/home/srv"/><property name="user.timezone" value="Europe/Zurich"/><property name="java.awt.printerjob" value="sun.print.PSPrinterJob"/><property name="file.encoding" value="UTF-8"/><property name="java.specification.version" value="1.8"/><property name="java.class.path" value="/usr/share/sbt/bin/sbt-launch.jar"/><property name="user.name" value="srv"/><property name="jline.shutdownhook" value="false"/><property name="java.vm.specification.version" value="1.8"/><property name="sun.java.command" value="/usr/share/sbt/bin/sbt-launch.jar test"/><property name="java.home" value="/home/srv/jdk1.8.0_172/jre"/><property name="sun.arch.data.model" value="64"/><property name="user.language" value="en"/><property name="java.specification.vendor" value="Oracle Corporation"/><property name="awt.toolkit" value="sun.awt.X11.XToolkit"/><property name="java.vm.info" value="mixed mode"/><property name="java.version" value="1.8.0_172"/><property name="java.ext.dirs" value="/home/srv/jdk1.8.0_172/jre/lib/ext:/usr/java/packages/lib/ext"/><property name="sun.boot.class.path" value="/home/srv/jdk1.8.0_172/jre/lib/resources.jar:/home/srv/jdk1.8.0_172/jre/lib/rt.jar:/home/srv/jdk1.8.0_172/jre/lib/sunrsasign.jar:/home/srv/jdk1.8.0_172/jre/lib/jsse.jar:/home/srv/jdk1.8.0_172/jre/lib/jce.jar:/home/srv/jdk1.8.0_172/jre/lib/charsets.jar:/home/srv/jdk1.8.0_172/jre/lib/jfr.jar:/home/srv/jdk1.8.0_172/jre/classes"/><property name="java.vendor" value="Oracle Corporation"/><property name="file.separator" value="/"/><property name="java.vendor.url.bug" value="http://bugreport.sun.com/bugreport/"/><property name="sun.io.unicode.encoding" value="UnicodeLittle"/><property name="sun.cpu.endian" value="little"/><property name="sun.desktop" value="gnome"/><property name="sun.cpu.isalist" value=""/>
    </properties>
                     <testcase classname="menuTests" name="Service charge - Drinks only" time="0.028">
                                                 
                                               </testcase><testcase classname="menuTests" name="Service charge - Bill with cold food" time="0.0">
                                                 
                                               </testcase><testcase classname="menuTests" name="Service charge - Bill with hot food &lt; 20" time="0.001">
                                                 
                                               </testcase><testcase classname="menuTests" name="Service charge - Bill with hot food &gt; 20" time="0.003">
                                                 
                                               </testcase><testcase classname="menuTests" name="Standard Bill" time="0.013">
                                                 
                                               </testcase><testcase classname="menuTests" name="Split charge" time="0.003">
                                                 <skipped/>
                                               </testcase>
                     <system-out><![CDATA[]]></system-out>
                     <system-err><![CDATA[]]></system-err>
                   </testsuite>